12/01/24 21:29:52 - DEBUG - urllib3.connectionpool - [_new_conn]: Starting new HTTPS connection (1): raw.githubusercontent.com:443
12/01/24 21:29:53 - DEBUG - urllib3.connectionpool - [_make_request]: https://raw.githubusercontent.com:443 "GET /rdavydov/Twitch-Channel-Points-Miner-v2/master/TwitchChannelPointsMiner/__init__.py HTTP/1.1" 200 125
12/01/24 21:29:53 - INFO - TwitchChannelPointsMiner.TwitchChannelPointsMiner - [__init__]: Twitch Channel Points Miner v2-1.9.1 (fork by rdavydov)
12/01/24 21:29:53 - INFO - TwitchChannelPointsMiner.TwitchChannelPointsMiner - [__init__]: https://github.com/rdavydov/Twitch-Channel-Points-Miner-v2
12/01/24 21:29:53 - INFO - TwitchChannelPointsMiner.TwitchChannelPointsMiner - [__init__]: You are running version 1.9.1 of this script
12/01/24 21:29:53 - INFO - TwitchChannelPointsMiner.TwitchChannelPointsMiner - [__init__]: The latest version on GitHub is 1.9.2
12/01/24 21:29:53 - INFO - TwitchChannelPointsMiner.TwitchChannelPointsMiner - [run]: Start session: '3ca47df1-2763-4909-90d2-b05005bf0ea0'
12/01/24 21:29:53 - INFO - TwitchChannelPointsMiner.classes.TwitchLogin - [login_flow]: You'll have to login to Twitch!
12/01/24 21:29:53 - INFO - TwitchChannelPointsMiner.classes.TwitchLogin - [login_flow]: Trying the TV login method..
12/01/24 21:29:53 - DEBUG - urllib3.connectionpool - [_new_conn]: Starting new HTTPS connection (1): id.twitch.tv:443
12/01/24 21:29:54 - DEBUG - urllib3.connectionpool - [_make_request]: https://id.twitch.tv:443 "POST /oauth2/device HTTP/1.1" 200 164
12/01/24 21:29:54 - INFO - TwitchChannelPointsMiner.classes.TwitchLogin - [login_flow]: Open https://www.twitch.tv/activate
12/01/24 21:29:54 - INFO - TwitchChannelPointsMiner.classes.TwitchLogin - [login_flow]: and enter this code: KBKQCKHC
12/01/24 21:29:54 - INFO - TwitchChannelPointsMiner.classes.TwitchLogin - [login_flow]: Hurry up! It will expire in 30 minutes!
12/01/24 21:29:59 - DEBUG - urllib3.connectionpool - [_make_request]: https://id.twitch.tv:443 "POST /oauth2/token HTTP/1.1" 400 49
12/01/24 21:30:04 - DEBUG - urllib3.connectionpool - [_make_request]: https://id.twitch.tv:443 "POST /oauth2/token HTTP/1.1" 400 49
12/01/24 21:30:09 - DEBUG - urllib3.connectionpool - [_make_request]: https://id.twitch.tv:443 "POST /oauth2/token HTTP/1.1" 400 49
12/01/24 21:30:15 - DEBUG - urllib3.connectionpool - [_make_request]: https://id.twitch.tv:443 "POST /oauth2/token HTTP/1.1" 400 49
12/01/24 21:30:20 - DEBUG - urllib3.connectionpool - [_make_request]: https://id.twitch.tv:443 "POST /oauth2/token HTTP/1.1" 400 49
12/01/24 21:30:25 - DEBUG - urllib3.connectionpool - [_make_request]: https://id.twitch.tv:443 "POST /oauth2/token HTTP/1.1" 200 248
12/01/24 21:30:25 - DEBUG - urllib3.connectionpool - [_new_conn]: Starting new HTTPS connection (1): gql.twitch.tv:443
12/01/24 21:30:26 - DEBUG - urllib3.connectionpool - [_make_request]: https://gql.twitch.tv:443 "POST /gql HTTP/1.1" 200 204
12/01/24 21:30:26 - INFO - TwitchChannelPointsMiner.classes.TwitchLogin - [save_cookies]: Saving cookies to your computer..
12/01/24 21:30:26 - INFO - TwitchChannelPointsMiner.TwitchChannelPointsMiner - [run]: Loading data for 7 streamers. Please wait...
12/01/24 21:30:26 - DEBUG - urllib3.connectionpool - [_new_conn]: Starting new HTTPS connection (1): www.twitch.tv:443
12/01/24 21:30:27 - DEBUG - urllib3.connectionpool - [_make_request]: https://www.twitch.tv:443 "GET / HTTP/1.1" 200 None
12/01/24 21:30:27 - DEBUG - TwitchChannelPointsMiner.classes.Twitch - [update_client_version]: Client version: bd1fae19-a7d5-44a7-8487-420b4bd661ac
12/01/24 21:30:27 - DEBUG - urllib3.connectionpool - [_new_conn]: Starting new HTTPS connection (1): gql.twitch.tv:443
12/01/24 21:30:27 - DEBUG - urllib3.connectionpool - [_make_request]: https://gql.twitch.tv:443 "POST /gql HTTP/1.1" 200 203
12/01/24 21:30:27 - DEBUG - TwitchChannelPointsMiner.classes.Twitch - [post_gql_request]: Data: {'operationName': 'ReportMenuItem', 'extensions': {'persistedQuery': {'version': 1, 'sha256Hash': '8f3628981255345ca5e5453dfd844efffb01d6413a9931498836e6268692a30c'}}, 'variables': {'channelLogin': 'pimpcs'}}, Status code: 200, Content: {"data":{"requestInfo":{"countryCode":"AR","__typename":"RequestInfo"},"user":{"id":"37799181","stream":null,"__typename":"User"}},"extensions":{"durationMilliseconds":43,"operationName":"ReportMenuItem","requestID":"01HM03M9Y8PH39MJZZQQESC630"}}
12/01/24 21:30:28 - INFO - TwitchChannelPointsMiner.TwitchChannelPointsMiner - [end]: CTRL+C Detected! Please wait just a moment!
12/01/24 21:30:28 - INFO - TwitchChannelPointsMiner.TwitchChannelPointsMiner - [__print_report]: Ending session: '3ca47df1-2763-4909-90d2-b05005bf0ea0'
12/01/24 21:30:28 - INFO - TwitchChannelPointsMiner.TwitchChannelPointsMiner - [__print_report]: Logs file: C:\Users\AUGUSTO-PC\Desktop\Twitch-Channel-Points-Miner-Render-master\logs\piqueraugusto.log
12/01/24 21:30:28 - INFO - TwitchChannelPointsMiner.TwitchChannelPointsMiner - [__print_report]: Duration 0:00:35.185310
